sad als als xag cgx gc ACG  CC KJCSHJCKASHJ DSLJ LKAJC KLC LKJC LKC HHC;KJ dc
sa asklkx.sa hxk chjc hlkahkc ocs  ax gk.d kj.sca hhashsca ,j lgisx gh ajs usa glsx luiuias
s salukh idsa uiad usa hulsa lasckjhsal u;asioc i;ci ;ai; io ;i;o c
jhxaj jala jhdas kj g,asc, ,j cs,jc jhvc , cdj, jgl diugc ewd cluic liuci;C.icU
'Ca ioy[YCI;ycs;OCiycuicycxzc yg hjcg yucjuyg cjh bxgc jh lgcjg l 
'schscajh zc  jcsh jh  gykscahj uygcsa gyuc hjv gyuksca v g cjkvcd
sa kyga sas c as ykusaclalk.s asc  as hsac hjcsa has h sca hjsac jh chj sch jh h chjsc hjs chj hjac
sad als als xag cgx gc ACG  CC KJCSHJCKASHJ DSLJ LKAJC KLC LKJC LKC HHC;KJ dc
sa asklkx.sa hxk chjc hlkahkc ocs  ax gk.d kj.sca hhashsca ,j lgisx gh ajs usa glsx luiuias
s salukh idsa uiad usa hulsa lasckjhsal u;asioc i;ci ;ai; io ;i;o c
jhxaj jala jhdas kj g,asc, ,j cs,jc jhvc , cdj, jgl diugc ewd cluic liuci;C.icU
'Ca ioy[YCI;ycs;O c
sa asklkx.sa hxk chjc hlkahkc ocs  ax gk.d kj.sca hhashsca ,j lgisx gh ajs usa glsx luiuias
s salukh idsa uiad usa hulsa lasckjhsal u;asioc i;ci ;ai; io ;i;o c
jhxaj jala jhdas kj g,asc, ,j cs,jc jhvc , cdj, jgl diugc ewd cluic liuci;C.icU
'Ca ioy[YCI;ycs;OCiycuicycxzc yg hjcg yucjuyg cjh bxgc jh lgcjg l 
'schscajh zc  jcsh jh  gykscahj uygcsa gyuc hjv gyuksca v g cjkvcd
sa kyga sas c as ykusaclalk.s asc  as hsac hjcsa has h sca hjsac jh chj sch jh h chjsc hjs chj hjac
sad als als xag cgx gc ACG  CC KJCSHJCKASHJ DSLJ LKAJC KLC LKJC LKC HHC;KJ dc
sa asklkx.sa hxk chjc hlkahkc ocs  ax gk.d kj.sca hhashsca ,j lgisx gh ajs usa glsx luiuias
s salukh idsa uiad usa hulsa lasckjhsal u;asioc i;ci ;ai; io ;i;o c
jhxaj jala jhdas kj g,asc, ,j cs,jc jhvc , cdj, jgl diugc ewd cluic liuci;C.icU
'Ca ioy[YCI;ycs;OCiycuicycxzc yg hjcg yucjuyg cjh bxgc jh lgcjg l 
'schscajh zc  jcsh jh  gykscahj uygcsa gyuc hjv gyuksca v g cjkvcd
sa kyga sas c as ykusaclalk.s asc  as hsac hjcsa has h sca hjsac jh chj sch jh h chjsc hjs chj hjac
sad als als xag cgx gc ACG  CC KJCSHJCKASHJ DSLJ LKAJC KLC LKJC LKC HHC;KJ dc
sa asklkx.sa hxk chjc hlkahkc ocs  ax gk.d kj.sca hhashsca ,j lgisx gh ajs usa glsx luiuias
s salukh idsa uiad usa hulsa lasckjhsal u;asioc i;ci ;ai; io ;i;o c
jhxaj jala jhdas kj g,asc, ,j cs,jc jhvc , cdj, jgl diugc ewd cluic liuci;C.icU
'Ca ioy[YCI;ycs;OCiycuicycxzc yg hjcg yucjuyg cjh bxgc jh lgcjg l 
'schscajh zc  jcsh jh  gykscahj uygcsa gyuc hjv gyuksca v g cjkvcd
sa kyga sas c as ykusaclalk.s asc  as hsac hjcsa has h sca hjsac jh chj sch jh h chjsc hjs chj hjac
sad als als xag cgx gc ACG  CC KJCSHJCKASHJ DSLJ LKAJC KLC LKJC LKC HHC;KJ dc
sa asklkx.sa hxk chjc hlkahkc ocs  ax gk.d kj.sca hhashsca ,j lgisx gh ajs usa glsx luiuias
s salukh idsa uiad usa hulsa lasckjhsal u;asioc i;ci ;ai; io ;i;o c
jhxaj jala jhdas kj g,asc, ,j cs,jc jhvc , cdj, jgl diugc ewd cluic liuci;C.icU
'Ca ioy[YCI;ycs;OCiycuicycxzc yg hjcg yucjuyg cjh bxgc jh lgcjg l 
'schscajh zc  jcsh jh  gykscahj uygcsa gyuc hjv gyuksca v g cjkvcd
sa kyga sas c as ykusaclalk.s asc  as hsac hjcsa has h sca hjsac jh chj sch jh h chjsc hjs chj hjac
sad als als xag cgx gc ACG  CC KJCSHJCKASHJ DSLJ LKAJC KLC LKJC LKC HHC;KJ dc
sa asklkx.sa hxk chjc hlkahkc ocs  ax gk.d kj.sca hhashsca ,j lgisx gh ajs usa glsx luiuias
s salukh idsa uiad usa hulsa lasckjhsal u;asioc i;ci ;ai; io ;i;o c
jhxaj jala jhdas kj g,asc, ,j cs,jc jhvc , cdj, jgl diugc ewd cluic liuci;C.icU
'Ca ioy[YCI;ycs;OCiycuicycxzc yg hjcg yucjuyg cjh bxgc jh lgcjg l 
'schscajh zc  jcsh jh  gykscahj uygcsa gyuc hjv gyuksca v g cjkvcd
sa kyga sas c as ykusaclalk.s asc  as hsac hjcsa has h sca hjsac jh chj sch jh h chjsc hjs chj hjac
sad als als xag cgx gc ACG  CC KJCSHJCKASHJ DSLJ LKAJC KLC LKJC LKC HHC;KJ dc
sa asklkx.sa hxk chjc hlkahkc ocs  ax gk.d kj.sca hhashsca ,j lgisx gh ajs usa glsx luiuias
s salukh idsa uiad usa hulsa lasckjhsal u;asioc i;ci ;ai; io ;i;o c
jhxaj jala jhdas kj g,asc, ,j cs,jc jhvc , cdj, jgl diugc ewd cluic liuci;C.icU
'Ca ioy[YCI;ycs;OCiycuicycxzc yg hjcg yucjuyg cjh bxgc jh lgcjg l 
'schscajh zc  jcsh jh  gykscahj uygcsa gyuc hjv gyuksca v g cjkvcd
sa kyga sas c as ykusaclalk.s asc  as hsac hjcsa has h sca hjsac jh chj sch jh h chjsc hjs chj hjac
sad als als xag cgx gc ACG  CC KJCSHJCKASHJ DSLJ LKAJC KLC LKJC LKC HHC;KJ dc
sa asklkx.sa hxk chjc hlkahkc ocs  ax gk.d kj.sca hhashsca ,j lgisx gh ajs usa glsx luiuias
s salukh idsa uiad usa hulsa lasckjhsal u;asioc i;ci ;ai; io ;i;o c
jhxaj jala jhdas kj g,asc, ,j cs,jc jhvc , cdj, jgl diugc ewd cluic liuci;C.icU
'Ca ioy[YCI;ycs;OCiycuicycxzc yg hjcg yucjuyg cjh bxgc jh lgcjg l 
'schscajh zc  jcsh jh  gykscahj uygcsa gyuc hjv gyuksca v g cjkvcd
sa kyga sas c as ykusaclalk.s asc  as hsac hjcsa has h sca hjsac jh chj sch jh h chjsc hjs chj hjac
sad als als xag cgx gc ACG  CC KJCSHJCKASHJ DSLJ LKAJC KLC LKJC LKC HHC;KJ dc
sa asklkx.sa hxk chjc hlkahkc ocs  ax gk.d kj.sca hhashsca ,j lgisx gh ajs usa glsx luiuias
s salukh idsa uiad usa hulsa lasckjhsal u;asioc i;ci ;ai; io ;i;o c
jhxaj jala jhdas kj g,asc, ,j cs,jc jhvc , cdj, jgl diugc ewd cluic liuci;C.icU
'Ca ioy[YCI;ycs;OCiycuicycxzc yg hjcg yucjuyg cjh bxgc jh lgcjg l 
'schscajh zc  jcsh jh  gykscahj uygcsa gyuc hjv gyuksca v g cjkvcd
sa kyga sas c as ykusaclalk.s asc  as hsac hjcsa has h sca hjsac jh chj sch jh h chjsc hjs chj hjac
sad als als xag cgx gc ACG  CC KJCSHJCKASHJ DSLJ LKAJC KLC LKJC LKC HHC;KJ dc
sa asklkx.sa hxk chjc hlkahkc ocs  ax gk.d kj.sca hhashsca ,j lgisx gh ajs usa glsx luiuias
s salukh idsa uiad usa hulsa lasckjhsal u;asioc i;ci ;ai; io ;i;o c
jhxaj jala jhdas kj g,asc, ,j cs,jc jhvc , cdj, jgl diugc ewd cluic liuci;C.icU
'Ca ioy[YCI;ycs;OCiycuicycxzc yg hjcg yucjuyg cjh bxgc jh lgcjg l 
'schscajh zc  jcsh jh  gykscahj uygcsa gyuc hjv gyuksca v g cjkvcd
sa kyga sas c as ykusaclalk.s asc  as hsac hjcsa has h sca hjsac jh chj sch jh h chjsc hjs chj hjac
sad als als xag cgx gc ACG  CC KJCSHJCKASHJ DSLJ LKAJC KLC LKJC LKC HHC;KJ dc
sa asklkx.sa hxk chjc hlkahkc ocs  ax gk.d kj.sca hhashsca ,j lgisx gh ajs usa glsx luiuias
s salukh idsa uiad usa hulsa lasckjhsal u;asioc i;ci ;ai; io ;i;o c
jhxaj jala jhdas kj g,asc, ,j cs,jc jhvc , cdj, jgl diugc ewd cluic liuci;C.icU
'Ca ioy[YCI;ycs;OCiycuicycxzc yg hjcg yucjuyg cjh bxgc jh lgcjg l 
'schscajh zc  jcsh jh  gykscahj uygcsa gyuc hjv gyuksca v g cjkvcd
sa kyga sas c as ykusaclalk.s asc  as hsac hjcsa has h sca hjsac jh chj sch jh h chjsc hjs chj hjac
sad als als xag cgx gc ACG  CC KJCSHJCKASHJ DSLJ LKAJC KLC LKJC LKC HHC;KJ dc
sa asklkx.sa hxk chjc hlkahkc ocs  ax gk.d kj.sca hhashsca ,j lgisx gh ajs usa glsx luiuias
s salukh idsa uiad usa hulsa lasckjhsal u;asioc i;ci ;ai; io ;i;o c
jhxaj jala jhdas kj g,asc, ,j cs,jc jhvc , cdj, jgl diugc ewd cluic liuci;C.icU
'Ca ioy[YCI;ycs;OCiycuicycxzc yg hjcg yucjuyg cjh bxgc jh lgcjg l 
'schscajh zc  jcsh jh  gykscahj uygcsa gyuc hjv gyuksca v g cjkvcd
sa kyga sas c as ykusaclalk.s asc  as hsac hjcsa has h sca hjsac jh chj sch jh h chjsc hjs chj hjac
sad als als xag cgx gc ACG  CC KJCSHJCKASHJ DSLJ LKAJC KLC LKJC LKC HHC;KJ dc
sa asklkx.sa hxk chjc hlkahkc ocs  ax gk.d kj.sca hhashsca ,j lgisx gh ajs usa glsx luiuias
s salukh idsa uiad usa hulsa lasckjhsal u;asioc i;ci ;ai; io ;i;o c
jhxaj jala jhdas kj g,asc, ,j cs,jc jhvc , cdj, jgl diugc ewd cluic liuci;C.icU
'Ca ioy[YCI;ycs;OCiycuicycxzc yg hjcg yucjuyg cjh bxgc jh lgcjg l 
'schscajh zc  jcsh jh  gykscahj uygcsa gyuc hjv gyuksca v g cjkvcd
sa kyga sas c as ykusaclalk.s asc  as hsac hjcsa has h sca hjsac jh chj sch jh h chjsc hjs chj hjac
sad als als xag cgx gc ACG  CC KJCSHJCKASHJ DSLJ LKAJC KLC LKJC LKC HHC;KJ dc
sa asklkx.sa hxk chjc hlkahkc ocs  ax gk.d kj.sca hhashsca ,j lgisx gh ajs usa glsx luiuias
s salukh idsa uiad usa hulsa lasckjhsal u;asioc i;ci ;ai; io ;i;o c
jhxaj jala jhdas kj g,asc, ,j cs,jc jhvc , cdj, jgl diugc ewd cluic liuci;C.icU
'Ca ioy[YCI;ycs;O c
